## SLURM PROLOG ###############################################################
##    Job ID : 1726278
##  Job Name : run_red_galaxy_filter.sh
##  Nodelist : node1318
##      CPUs : 1
##  Mem/Node : 16384 MB
## Directory : /gpfs/data/idellant/dmi/red-galaxies
##   Started : Sat Jul 10 16:33:03 EDT 2021
###############################################################################
                 fp_id  fp_coord_ra  fp_coord_dec      fp_parent  \
0           3221225475     3.555735     -0.562590              0   
2           3221225480     3.555633     -0.562376              0   
3           3221225493     3.555674     -0.562218              0   
4           3221225498     3.555737     -0.562160              0   
5           3221225501     3.555718     -0.562117              0   
6           3221225502     3.555713     -0.561985              0   
7           3221225503     3.555661     -0.562001              0   
10          3221225518     3.555764     -0.561654              0   
11          3221225522     3.555603     -0.561569              0   
12          3221225525     3.555775     -0.561543              0   
13          3221225528     3.555834     -0.561456              0   
14          3221225529     3.555638     -0.561445              0   
15          3221225533     3.555598     -0.561414              0   
16          3221225535     3.555571     -0.561321              0   
19          3221225547     3.555777     -0.561188              0   
21          3221225553     3.555659     -0.561099              0   
27          3221225565     3.555751     -0.560779              0   
28          3221225566     3.555561     -0.560745              0   
31          3221225570     3.555566     -0.560638              0   
32          3221225571     3.555779     -0.560619              0   
33          3221225573     3.555630     -0.560567              0   
34          3221225574     3.555558     -0.560534              0   
35          3221225576     3.555760     -0.560505              0   
37          3221225580     3.555701     -0.560395              0   
41          3221225598     3.555859     -0.562244              0   
43          3221225602     3.555859     -0.562035              0   
44          3221225604     3.555935     -0.562002              0   
49          3221225615     3.555670     -0.561905              0   
55          3221225623     3.555579     -0.561794              0   
59          3221225628     3.555867     -0.561747              0   
...                ...          ...           ...            ...   
1760259  9905268352402     3.503087     -0.532263  9905268333874   
1760267  9905268352414     3.503518     -0.531950  9905268333916   
1760296  9905268352448     3.505005     -0.530070  9905268334114   
1760297  9905268352449     3.504160     -0.530063  9905268334116   
1760299  9905268352453     3.506526     -0.530037  9905268334124   
1760320  9905268352474     3.507522     -0.529595  9905268334201   
1760339  9905268352515     3.506862     -0.534170  9905268334390   
1760340  9905268352516     3.506861     -0.534158  9905268334390   
1760342  9905268352518     3.507278     -0.534156  9905268334394   
1760343  9905268352519     3.507302     -0.534142  9905268334399   
1760344  9905268352520     3.507314     -0.534140  9905268334399   
1760347  9905268352523     3.507057     -0.534050  9905268334426   
1760350  9905268352526     3.503604     -0.533987  9905268334439   
1760351  9905268352527     3.503591     -0.533990  9905268334439   
1760353  9905268352529     3.503376     -0.533909  9905268334468   
1760356  9905268352532     3.503068     -0.533686  9905268334535   
1760357  9905268352533     3.503055     -0.533684  9905268334535   
1760362  9905268352538     3.507131     -0.533581  9905268334569   
1760363  9905268352539     3.507124     -0.533588  9905268334569   
1760364  9905268352540     3.507258     -0.533552  9905268334576   
1760366  9905268352542     3.507249     -0.533551  9905268334576   
1760367  9905268352543     3.507236     -0.533552  9905268334576   
1760372  9905268352548     3.507050     -0.533384  9905268334620   
1760376  9905268352552     3.502487     -0.533116  9905268334669   
1760377  9905268352553     3.502471     -0.533112  9905268334669   
1760386  9905268352562     3.507483     -0.532294  9905268334810   
1760388  9905268352564     3.506528     -0.531534  9905268334883   
1760389  9905268352565     3.506537     -0.531534  9905268334883   
1760392  9905268352568     3.502632     -0.531238  9905268334933   
1760395  9905268352571     3.502989     -0.531148  9905268334966   

         fp_deblend_nChild  fp_base_SdssCentroid_x  fp_base_SdssCentroid_y  \
0                        2             3904.629217            13860.571828   
2                        6             3969.737547            14029.402293   
3                       11             3940.368474            14153.042015   
4                        0             3896.574786            14196.029783   
5                        3             3910.061636            14231.698337   
6                       15             3911.296195            14335.285764   
7                        0             3947.306132            14324.922768   
10                      18             3873.497424            14594.508478   
11                      13             3979.415456            14663.120447   
12                       3             3865.073623            14681.827860   
13                      20             3824.328855            14749.213484   
14                       0             3954.751530            14760.151260   
15                       0             3980.410699            14784.645938   
16                      12             3997.869765            14857.792051   
19                      15             3858.953978            14960.323574   
21                       5             3936.022977            15030.936242   
27                       2             3870.745902            15280.503307   
28                       4             3996.621245            15309.707103   
31                       2             3992.892399            15394.281350   
32                      15             3850.684281            15405.973035   
33                       3             3948.638587            15448.813447   
34                       6             3996.175091            15475.342010   
35                       7             3861.496755            15495.864983   
37                       7             3899.514052            15582.432708   
41                       2             3817.811385            14130.781132   
43                       0             3815.148643            14294.475416   
44                       0             3764.715104            14319.774666   
49                       0             3938.877112            14398.355626   
55                       0             3998.122006            14486.896818   
59                       2             3807.606026            14520.968056   
...                    ...                     ...                     ...   
1760259                  0            39116.458547            37723.378275   
1760267                  0            38828.077796            37972.775983   
1760296                  0            37839.713373            39458.462312   
1760297                  0            38410.773654            39458.335746   
1760299                  0            36809.096273            39494.932150   
1760320                  0            36138.427996            39848.111565   
1760339                  0            36550.297542            36254.520311   
1760340                  0            36551.271743            36263.917810   
1760342                  0            36269.761411            36267.720614   
1760343                  0            36253.295065            36279.298110   
1760344                  0            36245.504213            36280.650607   
1760347                  0            36419.348213            36349.193651   
1760350                  0            38752.250252            36374.722971   
1760351                  0            38760.624511            36372.273126   
1760353                  0            38906.601967            36434.700915   
1760356                  0            39116.951234            36607.341698   
1760357                  0            39125.507367            36608.482329   
1760362                  0            36372.908338            36717.733709   
1760363                  0            36377.800924            36712.325968   
1760364                  0            36287.465180            36741.373541   
1760366                  0            36293.473845            36742.355089   
1760367                  0            36302.239176            36741.144988   
1760372                  0            36428.944014            36872.239782   
1760376                  0            39514.714418            37050.155606   
1760377                  0            39525.441214            37052.540408   
1760386                  0            36144.479764            37730.081900   
1760388                  0            36796.583035            38319.555153   
1760389                  0            36790.153267            38320.552084   
1760392                  0            39434.256069            38524.286036   
1760395                  0            39193.239748            38598.239053   

         fp_base_SdssCentroid_xErr  fp_base_SdssCentroid_yErr  \
0                         0.027334                   0.025346   
2                         0.023029                   0.021215   
3                         0.001903                   0.001797   
4                         0.333817                   0.465512   
5                         0.195529                   0.157220   
6                         0.005540                   0.005171   
7                         4.239651                  43.981152   
10                             NaN                        NaN   
11                        0.015579                   0.014891   
12                        0.033592                   0.029921   
13                        0.008702                   0.008189   
14                        0.272676                   0.283683   
15                        0.896051                   0.835006   
16                        0.082774                   0.077145   
19                        0.015388                   0.014579   
21                        0.099581                   0.097300   
27                        0.541419                   1.143246   
28                        0.000906                   0.000826   
31                        0.252498                   0.215869   
32                        0.020522                   0.018266   
33                        0.008900                   0.008126   
34                        0.002636                   0.002367   
35                        0.001887                   0.001736   
37                        0.328021                   0.418958   
41                             NaN                        NaN   
43                        0.147658                   0.137676   
44                        0.767338                   0.552140   
49                             NaN                        NaN   
55                             NaN                        NaN   
59                       11.596574                   1.654834   
...                            ...                        ...   
1760259                   0.718226                   0.467720   
1760267                        NaN                        NaN   
1760296                   1.301278                   1.560179   
1760297                        NaN                        NaN   
1760299                        NaN                        NaN   
1760320                        NaN                        NaN   
1760339                   0.524542                   1.308196   
1760340                   0.780831                   0.660111   
1760342                   0.825792                   0.441053   
1760343                   1.189473                   0.984560   
1760344                   2.005331                   0.856959   
1760347                   0.554250                   0.441913   
1760350                   0.357675                   0.556702   
1760351                   1.211626                   1.308868   
1760353                   1.386433                   0.956799   
1760356                   0.435501                   0.620471   
1760357                   3.299020                   2.145697   
1760362                   0.409736                   0.917869   
1760363                   0.491081                   0.703136   
1760364                   1.075863                   0.804832   
1760366                   4.330698                   1.917731   
1760367                   0.742719                   0.265377   
1760372                   0.533194                   0.501818   
1760376                   1.516691                   0.540603   
1760377                   1.701085                   1.551716   
1760386                   1.159041                   0.731475   
1760388                   2.280250                   1.209664   
1760389                   1.023104                   3.804689   
1760392                   0.310186                   0.449384   
1760395                   0.569229                   0.452529   

         fp_base_TransformedCentroid_x  \
0                          3904.244323   
2                          3969.512404   
3                          3940.271519   
4                          3897.445858   
5                          3909.662887   
6                          3911.057523   
7                          3946.227807   
10                         3873.497424   
11                         3979.188037   
12                         3864.947912   
13                         3824.328855   
14                         3954.751530   
15                         3980.378962   
16                         3997.709935   
19                         3858.775116   
21                         3936.098602   
27                         3871.127408   
28                         3996.657293   
31                         3992.657995   
32                         3850.662188   
33                         3948.711043   
34                         3996.308910   
35                         3861.496757   
37                         3899.699086   
41                         3817.811385   
43                         3814.791142   
44                         3763.876793   
49                         3938.877112   
55                         3998.122006   
59                         3806.273619   
...                                ...   
1760259                   39117.117672   
1760267                   38828.077796   
1760296                   37838.579155   
1760297                   38410.773654   
1760299                   36809.096273   
1760320                   36138.427996   
1760339                   36550.297542   
1760340                   36551.271743   
1760342                   36269.761411   
1760343                   36253.295065   
1760344                   36245.504213   
1760347                   36419.348213   
1760350                   38752.250252   
1760351                   38760.624511   
1760353                   38906.601967   
1760356                   39116.951234   
1760357                   39125.535806   
1760362                   36372.908338   
1760363                   36377.800924   
1760364                   36287.465180   
1760366                   36293.473845   
1760367                   36302.239176   
1760372                   36428.944014   
1760376                   39514.714418   
1760377                   39525.441214   
1760386                   36144.479764   
1760388                   36796.265686   
1760389                   36790.257699   
1760392                   39434.256069   
1760395                   39193.239748   

                          ...                     cm_calib_photometry_used  \
0                         ...                                        False   
2                         ...                                        False   
3                         ...                                        False   
4                         ...                                        False   
5                         ...                                        False   
6                         ...                                        False   
7                         ...                                        False   
10                        ...                                        False   
11                        ...                                        False   
12                        ...                                        False   
13                        ...                                        False   
14                        ...                                        False   
15                        ...                                        False   
16                        ...                                        False   
19                        ...                                        False   
21                        ...                                        False   
27                        ...                                        False   
28                        ...                                         True   
31                        ...                                        False   
32                        ...                                        False   
33                        ...                                        False   
34                        ...                                        False   
35                        ...                                        False   
37                        ...                                        False   
41                        ...                                        False   
43                        ...                                        False   
44                        ...                                        False   
49                        ...                                        False   
55                        ...                                        False   
59                        ...                                        False   
...                       ...                                          ...   
1760259                   ...                                        False   
1760267                   ...                                        False   
1760296                   ...                                        False   
1760297                   ...                                        False   
1760299                   ...                                        False   
1760320                   ...                                        False   
1760339                   ...                                        False   
1760340                   ...                                        False   
1760342                   ...                                        False   
1760343                   ...                                        False   
1760344                   ...                                        False   
1760347                   ...                                        False   
1760350                   ...                                        False   
1760351                   ...                                        False   
1760353                   ...                                        False   
1760356                   ...                                        False   
1760357                   ...                                        False   
1760362                   ...                                        False   
1760363                   ...                                        False   
1760364                   ...                                        False   
1760366                   ...                                        False   
1760367                   ...                                        False   
1760372                   ...                                        False   
1760376                   ...                                        False   
1760377                   ...                                        False   
1760386                   ...                                        False   
1760388                   ...                                        False   
1760389                   ...                                        False   
1760392                   ...                                        False   
1760395                   ...                                        False   

         cm_calib_photometry_reserved  cm_base_GaussianFlux_flag_apCorr  \
0                               False                             False   
2                               False                             False   
3                               False                             False   
4                               False                             False   
5                               False                             False   
6                               False                             False   
7                               False                             False   
10                              False                             False   
11                              False                             False   
12                              False                             False   
13                              False                             False   
14                              False                             False   
15                              False                             False   
16                              False                             False   
19                              False                             False   
21                              False                             False   
27                              False                             False   
28                              False                             False   
31                              False                             False   
32                              False                             False   
33                              False                             False   
34                              False                             False   
35                              False                             False   
37                              False                             False   
41                              False                             False   
43                              False                             False   
44                              False                             False   
49                              False                             False   
55                              False                             False   
59                              False                             False   
...                               ...                               ...   
1760259                         False                             False   
1760267                         False                             False   
1760296                         False                             False   
1760297                         False                             False   
1760299                         False                             False   
1760320                         False                             False   
1760339                         False                             False   
1760340                         False                             False   
1760342                         False                             False   
1760343                         False                             False   
1760344                         False                             False   
1760347                         False                             False   
1760350                         False                             False   
1760351                         False                             False   
1760353                         False                             False   
1760356                         False                             False   
1760357                         False                             False   
1760362                         False                             False   
1760363                         False                             False   
1760364                         False                             False   
1760366                         False                             False   
1760367                         False                             False   
1760372                         False                             False   
1760376                         False                             False   
1760377                         False                             False   
1760386                         False                             False   
1760388                         False                             False   
1760389                         False                             False   
1760392                         False                             False   
1760395                         False                             False   

         cm_base_PsfFlux_flag_apCorr  \
0                              False   
2                              False   
3                              False   
4                              False   
5                              False   
6                              False   
7                              False   
10                             False   
11                             False   
12                             False   
13                             False   
14                             False   
15                             False   
16                             False   
19                             False   
21                             False   
27                             False   
28                             False   
31                             False   
32                             False   
33                             False   
34                             False   
35                             False   
37                             False   
41                             False   
43                             False   
44                             False   
49                             False   
55                             False   
59                             False   
...                              ...   
1760259                        False   
1760267                        False   
1760296                        False   
1760297                        False   
1760299                        False   
1760320                        False   
1760339                        False   
1760340                        False   
1760342                        False   
1760343                        False   
1760344                        False   
1760347                        False   
1760350                        False   
1760351                        False   
1760353                        False   
1760356                        False   
1760357                        False   
1760362                        False   
1760363                        False   
1760364                        False   
1760366                        False   
1760367                        False   
1760372                        False   
1760376                        False   
1760377                        False   
1760386                        False   
1760388                        False   
1760389                        False   
1760392                        False   
1760395                        False   

         cm_ext_photometryKron_KronFlux_flag_apCorr  \
0                                             False   
2                                             False   
3                                             False   
4                                             False   
5                                             False   
6                                             False   
7                                             False   
10                                            False   
11                                            False   
12                                            False   
13                                            False   
14                                            False   
15                                            False   
16                                            False   
19                                            False   
21                                            False   
27                                            False   
28                                            False   
31                                            False   
32                                            False   
33                                            False   
34                                            False   
35                                            False   
37                                            False   
41                                            False   
43                                            False   
44                                            False   
49                                            False   
55                                            False   
59                                            False   
...                                             ...   
1760259                                       False   
1760267                                       False   
1760296                                       False   
1760297                                       False   
1760299                                       False   
1760320                                       False   
1760339                                       False   
1760340                                       False   
1760342                                       False   
1760343                                       False   
1760344                                       False   
1760347                                       False   
1760350                                       False   
1760351                                       False   
1760353                                       False   
1760356                                       False   
1760357                                       False   
1760362                                       False   
1760363                                       False   
1760364                                       False   
1760366                                       False   
1760367                                       False   
1760372                                       False   
1760376                                       False   
1760377                                       False   
1760386                                       False   
1760388                                       False   
1760389                                       False   
1760392                                       False   
1760395                                       False   

         cm_modelfit_CModel_flag_apCorr  cm_modelfit_CModel_dev_flag_apCorr  \
0                                 False                               False   
2                                 False                               False   
3                                 False                               False   
4                                 False                               False   
5                                 False                               False   
6                                 False                               False   
7                                 False                               False   
10                                False                               False   
11                                False                               False   
12                                False                               False   
13                                False                               False   
14                                False                               False   
15                                False                               False   
16                                False                               False   
19                                False                               False   
21                                False                               False   
27                                False                               False   
28                                False                               False   
31                                False                               False   
32                                False                               False   
33                                False                               False   
34                                False                               False   
35                                False                               False   
37                                False                               False   
41                                False                               False   
43                                False                               False   
44                                False                               False   
49                                False                               False   
55                                False                               False   
59                                False                               False   
...                                 ...                                 ...   
1760259                           False                               False   
1760267                           False                               False   
1760296                           False                               False   
1760297                           False                               False   
1760299                           False                               False   
1760320                           False                               False   
1760339                           False                               False   
1760340                           False                               False   
1760342                           False                               False   
1760343                           False                               False   
1760344                           False                               False   
1760347                           False                               False   
1760350                           False                               False   
1760351                           False                               False   
1760353                           False                               False   
1760356                           False                               False   
1760357                           False                               False   
1760362                           False                               False   
1760363                           False                               False   
1760364                           False                               False   
1760366                           False                               False   
1760367                           False                               False   
1760372                           False                               False   
1760376                           False                               False   
1760377                           False                               False   
1760386                           False                               False   
1760388                           False                               False   
1760389                           False                               False   
1760392                           False                               False   
1760395                           False                               False   

         cm_modelfit_CModel_exp_flag_apCorr  \
0                                     False   
2                                     False   
3                                     False   
4                                     False   
5                                     False   
6                                     False   
7                                     False   
10                                    False   
11                                    False   
12                                    False   
13                                    False   
14                                    False   
15                                    False   
16                                    False   
19                                    False   
21                                    False   
27                                    False   
28                                    False   
31                                    False   
32                                    False   
33                                    False   
34                                    False   
35                                    False   
37                                    False   
41                                    False   
43                                    False   
44                                    False   
49                                    False   
55                                    False   
59                                    False   
...                                     ...   
1760259                               False   
1760267                               False   
1760296                               False   
1760297                               False   
1760299                               False   
1760320                               False   
1760339                               False   
1760340                               False   
1760342                               False   
1760343                               False   
1760344                               False   
1760347                               False   
1760350                               False   
1760351                               False   
1760353                               False   
1760356                               False   
1760357                               False   
1760362                               False   
1760363                               False   
1760364                               False   
1760366                               False   
1760367                               False   
1760372                               False   
1760376                               False   
1760377                               False   
1760386                               False   
1760388                               False   
1760389                               False   
1760392                               False   
1760395                               False   

         cm_modelfit_CModel_initial_flag_apCorr  \
0                                         False   
2                                         False   
3                                         False   
4                                         False   
5                                         False   
6                                         False   
7                                         False   
10                                        False   
11                                        False   
12                                        False   
13                                        False   
14                                        False   
15                                        False   
16                                        False   
19                                        False   
21                                        False   
27                                        False   
28                                        False   
31                                        False   
32                                        False   
33                                        False   
34                                        False   
35                                        False   
37                                        False   
41                                        False   
43                                        False   
44                                        False   
49                                        False   
55                                        False   
59                                        False   
...                                         ...   
1760259                                   False   
1760267                                   False   
1760296                                   False   
1760297                                   False   
1760299                                   False   
1760320                                   False   
1760339                                   False   
1760340                                   False   
1760342                                   False   
1760343                                   False   
1760344                                   False   
1760347                                   False   
1760350                                   False   
1760351                                   False   
1760353                                   False   
1760356                                   False   
1760357                                   False   
1760362                                   False   
1760363                                   False   
1760364                                   False   
1760366                                   False   
1760367                                   False   
1760372                                   False   
1760376                                   False   
1760377                                   False   
1760386                                   False   
1760388                                   False   
1760389                                   False   
1760392                                   False   
1760395                                   False   

         cm_base_ClassificationExtendedness_flag  
0                                          False  
2                                          False  
3                                          False  
4                                          False  
5                                          False  
6                                          False  
7                                          False  
10                                          True  
11                                         False  
12                                         False  
13                                         False  
14                                         False  
15                                         False  
16                                         False  
19                                         False  
21                                         False  
27                                         False  
28                                         False  
31                                         False  
32                                         False  
33                                          True  
34                                         False  
35                                         False  
37                                         False  
41                                          True  
43                                         False  
44                                          True  
49                                          True  
55                                          True  
59                                         False  
...                                          ...  
1760259                                    False  
1760267                                     True  
1760296                                    False  
1760297                                     True  
1760299                                     True  
1760320                                    False  
1760339                                    False  
1760340                                    False  
1760342                                    False  
1760343                                    False  
1760344                                    False  
1760347                                    False  
1760350                                    False  
1760351                                    False  
1760353                                    False  
1760356                                    False  
1760357                                    False  
1760362                                    False  
1760363                                    False  
1760364                                    False  
1760366                                    False  
1760367                                    False  
1760372                                    False  
1760376                                    False  
1760377                                    False  
1760386                                    False  
1760388                                    False  
1760389                                    False  
1760392                                    False  
1760395                                    False  

[797280 rows x 583 columns]
